               Locul  Jucatorul  Scor
-----------------------------------------------

RUNDA:1          1       1       1

                 2       2       0

----------------------------------------------


RUNDA:2          1       1       1

                 2       2       1

----------------------------------------------


RUNDA:3          1       1       2

                 2       2       1

----------------------------------------------


RUNDA:4          1       1       3

                 2       2       1

----------------------------------------------


RUNDA:5          1       1       3

                 2       2       2

----------------------------------------------


RUNDA:6          1       1       3

                 2       2       3

----------------------------------------------

